V0.4.2
1- Hide player fix


V0.4.1
1- Solves problems by saving some Joomla sites

V0.4
1- Facebook Comments Box Beta
2- HTML 5 Player Beta
3- Support Joomla 3.x
4- Fix Background problem with Title Song Ajax inactive. 

V0.3.3.1
1- Fix blank pages

V0.3.3
1- Title Song Ajax
2- Joomla! 1.5, 1.6 and 1.7 installer
3- Languages Files

V0.3.2
1- Fix Flash Player
2- Inicia multi-idioma. Joomla! 1.5
3- Beta Joomla! 1.6
4- Fix Multi Modulo

V0.3.1
1- Fixes problem of error 404 in URL / Soluciona problema de error 404 en URL
